  RedLightGreenLight.cpp
C:\Users\Lance\Documents\CollegeLife\OSU\Courses\CS 450 (Intro to Computer Graphics)\Final Project\Final Project\RedLightGreenLight.cpp(233,31): warning C4305: 'initializing': truncation from 'double' to 'float'
C:\Users\Lance\Documents\CollegeLife\OSU\Courses\CS 450 (Intro to Computer Graphics)\Final Project\Final Project\RedLightGreenLight.cpp(339,13): warning C4244: 'initializing': conversion from 'double' to 'float', possible loss of data
C:\Users\Lance\Documents\CollegeLife\OSU\Courses\CS 450 (Intro to Computer Graphics)\Final Project\Final Project\RedLightGreenLight.cpp(346,14): warning C4244: 'initializing': conversion from 'double' to 'float', possible loss of data
C:\Users\Lance\Documents\CollegeLife\OSU\Courses\CS 450 (Intro to Computer Graphics)\Final Project\Final Project\RedLightGreenLight.cpp(359,38): warning C4244: '=': conversion from 'double' to 'float', possible loss of data
C:\Users\Lance\Documents\CollegeLife\OSU\Courses\CS 450 (Intro to Computer Graphics)\Final Project\Final Project\RedLightGreenLight.cpp(360,58): warning C4244: '=': conversion from 'double' to 'float', possible loss of data
C:\Users\Lance\Documents\CollegeLife\OSU\Courses\CS 450 (Intro to Computer Graphics)\Final Project\Final Project\RedLightGreenLight.cpp(365,25): warning C4244: '=': conversion from 'double' to 'float', possible loss of data
C:\Users\Lance\Documents\CollegeLife\OSU\Courses\CS 450 (Intro to Computer Graphics)\Final Project\Final Project\RedLightGreenLight.cpp(366,30): warning C4244: '=': conversion from 'double' to 'float', possible loss of data
C:\Users\Lance\Documents\CollegeLife\OSU\Courses\CS 450 (Intro to Computer Graphics)\Final Project\Final Project\RedLightGreenLight.cpp(386,13): warning C4244: 'initializing': conversion from 'double' to 'float', possible loss of data
C:\Users\Lance\Documents\CollegeLife\OSU\Courses\CS 450 (Intro to Computer Graphics)\Final Project\Final Project\RedLightGreenLight.cpp(387,24): warning C4244: '=': conversion from 'double' to 'float', possible loss of data
C:\Users\Lance\Documents\CollegeLife\OSU\Courses\CS 450 (Intro to Computer Graphics)\Final Project\Final Project\RedLightGreenLight.cpp(399,13): warning C4244: 'initializing': conversion from 'double' to 'float', possible loss of data
C:\Users\Lance\Documents\CollegeLife\OSU\Courses\CS 450 (Intro to Computer Graphics)\Final Project\Final Project\RedLightGreenLight.cpp(400,24): warning C4244: '=': conversion from 'double' to 'float', possible loss of data
C:\Users\Lance\Documents\CollegeLife\OSU\Courses\CS 450 (Intro to Computer Graphics)\Final Project\Final Project\RedLightGreenLight.cpp(432,20): warning C4244: 'initializing': conversion from 'double' to 'GLfloat', possible loss of data
C:\Users\Lance\Documents\CollegeLife\OSU\Courses\CS 450 (Intro to Computer Graphics)\Final Project\Final Project\RedLightGreenLight.cpp(433,20): warning C4244: 'initializing': conversion from 'double' to 'GLfloat', possible loss of data
C:\Users\Lance\Documents\CollegeLife\OSU\Courses\CS 450 (Intro to Computer Graphics)\Final Project\Final Project\RedLightGreenLight.cpp(442,21): warning C4244: 'initializing': conversion from 'double' to 'GLfloat', possible loss of data
C:\Users\Lance\Documents\CollegeLife\OSU\Courses\CS 450 (Intro to Computer Graphics)\Final Project\Final Project\RedLightGreenLight.cpp(443,21): warning C4244: 'initializing': conversion from 'double' to 'GLfloat', possible loss of data
C:\Users\Lance\Documents\CollegeLife\OSU\Courses\CS 450 (Intro to Computer Graphics)\Final Project\Final Project\RedLightGreenLight.cpp(454,19): warning C4244: 'initializing': conversion from 'double' to 'GLfloat', possible loss of data
C:\Users\Lance\Documents\CollegeLife\OSU\Courses\CS 450 (Intro to Computer Graphics)\Final Project\Final Project\RedLightGreenLight.cpp(455,19): warning C4244: 'initializing': conversion from 'double' to 'GLfloat', possible loss of data
C:\Users\Lance\Documents\CollegeLife\OSU\Courses\CS 450 (Intro to Computer Graphics)\Final Project\Final Project\RedLightGreenLight.cpp(480,39): warning C4305: 'initializing': truncation from 'double' to 'GLfloat'
C:\Users\Lance\Documents\CollegeLife\OSU\Courses\CS 450 (Intro to Computer Graphics)\Final Project\Final Project\RedLightGreenLight.cpp(481,42): warning C4305: 'initializing': truncation from 'double' to 'GLfloat'
C:\Users\Lance\Documents\CollegeLife\OSU\Courses\CS 450 (Intro to Computer Graphics)\Final Project\Final Project\RedLightGreenLight.cpp(482,42): warning C4305: 'initializing': truncation from 'double' to 'GLfloat'
C:\Users\Lance\Documents\CollegeLife\OSU\Courses\CS 450 (Intro to Computer Graphics)\Final Project\Final Project\RedLightGreenLight.cpp(485,37): warning C4305: 'initializing': truncation from 'double' to 'GLfloat'
C:\Users\Lance\Documents\CollegeLife\OSU\Courses\CS 450 (Intro to Computer Graphics)\Final Project\Final Project\RedLightGreenLight.cpp(486,36): warning C4305: 'initializing': truncation from 'double' to 'GLfloat'
C:\Users\Lance\Documents\CollegeLife\OSU\Courses\CS 450 (Intro to Computer Graphics)\Final Project\Final Project\RedLightGreenLight.cpp(614,15): warning C4244: '=': conversion from 'double' to 'float', possible loss of data
C:\Users\Lance\Documents\CollegeLife\OSU\Courses\CS 450 (Intro to Computer Graphics)\Final Project\Final Project\RedLightGreenLight.cpp(617,15): warning C4244: '=': conversion from 'double' to 'float', possible loss of data
C:\Users\Lance\Documents\CollegeLife\OSU\Courses\CS 450 (Intro to Computer Graphics)\Final Project\Final Project\RedLightGreenLight.cpp(620,15): warning C4244: '=': conversion from 'double' to 'float', possible loss of data
C:\Users\Lance\Documents\CollegeLife\OSU\Courses\CS 450 (Intro to Computer Graphics)\Final Project\Final Project\RedLightGreenLight.cpp(638,16): warning C4244: '=': conversion from 'double' to 'float', possible loss of data
C:\Users\Lance\Documents\CollegeLife\OSU\Courses\CS 450 (Intro to Computer Graphics)\Final Project\Final Project\RedLightGreenLight.cpp(641,16): warning C4244: '=': conversion from 'double' to 'float', possible loss of data
C:\Users\Lance\Documents\CollegeLife\OSU\Courses\CS 450 (Intro to Computer Graphics)\Final Project\Final Project\RedLightGreenLight.cpp(644,16): warning C4244: '=': conversion from 'double' to 'float', possible loss of data
C:\Users\Lance\Documents\CollegeLife\OSU\Courses\CS 450 (Intro to Computer Graphics)\Final Project\Final Project\RedLightGreenLight.cpp(657,15): warning C4244: '=': conversion from 'double' to 'float', possible loss of data
C:\Users\Lance\Documents\CollegeLife\OSU\Courses\CS 450 (Intro to Computer Graphics)\Final Project\Final Project\RedLightGreenLight.cpp(661,16): warning C4244: '=': conversion from 'double' to 'float', possible loss of data
C:\Users\Lance\Documents\CollegeLife\OSU\Courses\CS 450 (Intro to Computer Graphics)\Final Project\Final Project\RedLightGreenLight.cpp(665,16): warning C4244: '=': conversion from 'double' to 'float', possible loss of data
C:\Users\Lance\Documents\CollegeLife\OSU\Courses\CS 450 (Intro to Computer Graphics)\Final Project\Final Project\RedLightGreenLight.cpp(847,38): warning C4244: '+=': conversion from 'double' to 'float', possible loss of data
C:\Users\Lance\Documents\CollegeLife\OSU\Courses\CS 450 (Intro to Computer Graphics)\Final Project\Final Project\RedLightGreenLight.cpp(848,38): warning C4244: '-=': conversion from 'double' to 'float', possible loss of data
C:\Users\Lance\Documents\CollegeLife\OSU\Courses\CS 450 (Intro to Computer Graphics)\Final Project\Final Project\RedLightGreenLight.cpp(852,44): warning C4244: '+=': conversion from 'double' to 'float', possible loss of data
C:\Users\Lance\Documents\CollegeLife\OSU\Courses\CS 450 (Intro to Computer Graphics)\Final Project\Final Project\RedLightGreenLight.cpp(853,44): warning C4244: '-=': conversion from 'double' to 'float', possible loss of data
C:\Users\Lance\Documents\CollegeLife\OSU\Courses\CS 450 (Intro to Computer Graphics)\Final Project\Final Project\RedLightGreenLight.cpp(857,43): warning C4244: '+=': conversion from 'double' to 'float', possible loss of data
C:\Users\Lance\Documents\CollegeLife\OSU\Courses\CS 450 (Intro to Computer Graphics)\Final Project\Final Project\RedLightGreenLight.cpp(858,43): warning C4244: '-=': conversion from 'double' to 'float', possible loss of data
C:\Users\Lance\Documents\CollegeLife\OSU\Courses\CS 450 (Intro to Computer Graphics)\Final Project\Final Project\RedLightGreenLight.cpp(862,43): warning C4244: '+=': conversion from 'double' to 'float', possible loss of data
C:\Users\Lance\Documents\CollegeLife\OSU\Courses\CS 450 (Intro to Computer Graphics)\Final Project\Final Project\RedLightGreenLight.cpp(863,43): warning C4244: '-=': conversion from 'double' to 'float', possible loss of data
C:\Users\Lance\Documents\CollegeLife\OSU\Courses\CS 450 (Intro to Computer Graphics)\Final Project\Final Project\RedLightGreenLight.cpp(1069,20): warning C4305: 'initializing': truncation from 'double' to 'float'
C:\Users\Lance\Documents\CollegeLife\OSU\Courses\CS 450 (Intro to Computer Graphics)\Final Project\Final Project\RedLightGreenLight.cpp(1070,20): warning C4305: 'initializing': truncation from 'double' to 'float'
C:\Users\Lance\Documents\CollegeLife\OSU\Courses\CS 450 (Intro to Computer Graphics)\Final Project\Final Project\RedLightGreenLight.cpp(1071,21): warning C4305: 'initializing': truncation from 'double' to 'float'
C:\Users\Lance\Documents\CollegeLife\OSU\Courses\CS 450 (Intro to Computer Graphics)\Final Project\Final Project\RedLightGreenLight.cpp(1137,19): warning C4244: 'argument': conversion from 'double' to 'unsigned int', possible loss of data
C:\Users\Lance\Documents\CollegeLife\OSU\Courses\CS 450 (Intro to Computer Graphics)\Final Project\Final Project\RedLightGreenLight.cpp(1151,18): warning C4244: 'argument': conversion from 'double' to 'unsigned int', possible loss of data
C:\Users\Lance\Documents\CollegeLife\OSU\Courses\CS 450 (Intro to Computer Graphics)\Final Project\Final Project\RedLightGreenLight.cpp(1180,21): warning C4305: 'argument': truncation from 'double' to 'GLfloat'
C:\Users\Lance\Documents\CollegeLife\OSU\Courses\CS 450 (Intro to Computer Graphics)\Final Project\Final Project\RedLightGreenLight.cpp(1186,33): warning C4305: 'argument': truncation from 'double' to 'GLfloat'
C:\Users\Lance\Documents\CollegeLife\OSU\Courses\CS 450 (Intro to Computer Graphics)\Final Project\Final Project\RedLightGreenLight.cpp(1189,27): warning C4305: 'argument': truncation from 'double' to 'GLfloat'
C:\Users\Lance\Documents\CollegeLife\OSU\Courses\CS 450 (Intro to Computer Graphics)\Final Project\Final Project\RedLightGreenLight.cpp(1632,28): warning C4305: 'argument': truncation from 'double' to 'float'
C:\Users\Lance\Documents\CollegeLife\OSU\Courses\CS 450 (Intro to Computer Graphics)\Final Project\Final Project\RedLightGreenLight.cpp(1645,29): warning C4305: 'argument': truncation from 'double' to 'float'
C:\Users\Lance\Documents\CollegeLife\OSU\Courses\CS 450 (Intro to Computer Graphics)\Final Project\Final Project\RedLightGreenLight.cpp(1647,27): warning C4305: 'argument': truncation from 'double' to 'float'
C:\Users\Lance\Documents\CollegeLife\OSU\Courses\CS 450 (Intro to Computer Graphics)\Final Project\Final Project\RedLightGreenLight.cpp(1648,27): warning C4305: 'argument': truncation from 'double' to 'float'
C:\Users\Lance\Documents\CollegeLife\OSU\Courses\CS 450 (Intro to Computer Graphics)\Final Project\Final Project\RedLightGreenLight.cpp(1649,27): warning C4305: 'argument': truncation from 'double' to 'float'
C:\Users\Lance\Documents\CollegeLife\OSU\Courses\CS 450 (Intro to Computer Graphics)\Final Project\Final Project\RedLightGreenLight.cpp(1651,28): warning C4305: 'argument': truncation from 'double' to 'float'
C:\Users\Lance\Documents\CollegeLife\OSU\Courses\CS 450 (Intro to Computer Graphics)\Final Project\Final Project\RedLightGreenLight.cpp(1652,27): warning C4305: 'argument': truncation from 'double' to 'float'
C:\Users\Lance\Documents\CollegeLife\OSU\Courses\CS 450 (Intro to Computer Graphics)\Final Project\Final Project\RedLightGreenLight.cpp(1653,27): warning C4305: 'argument': truncation from 'double' to 'float'
C:\Users\Lance\Documents\CollegeLife\OSU\Courses\CS 450 (Intro to Computer Graphics)\Final Project\Final Project\RedLightGreenLight.cpp(1654,27): warning C4305: 'argument': truncation from 'double' to 'float'
C:\Users\Lance\Documents\CollegeLife\OSU\Courses\CS 450 (Intro to Computer Graphics)\Final Project\Final Project\RedLightGreenLight.cpp(1655,27): warning C4305: 'argument': truncation from 'double' to 'float'
C:\Users\Lance\Documents\CollegeLife\OSU\Courses\CS 450 (Intro to Computer Graphics)\Final Project\Final Project\RedLightGreenLight.cpp(1660,29): warning C4305: 'argument': truncation from 'double' to 'float'
C:\Users\Lance\Documents\CollegeLife\OSU\Courses\CS 450 (Intro to Computer Graphics)\Final Project\Final Project\RedLightGreenLight.cpp(1662,28): warning C4305: 'argument': truncation from 'double' to 'float'
C:\Users\Lance\Documents\CollegeLife\OSU\Courses\CS 450 (Intro to Computer Graphics)\Final Project\Final Project\RedLightGreenLight.cpp(1663,27): warning C4305: 'argument': truncation from 'double' to 'float'
C:\Users\Lance\Documents\CollegeLife\OSU\Courses\CS 450 (Intro to Computer Graphics)\Final Project\Final Project\RedLightGreenLight.cpp(1664,27): warning C4305: 'argument': truncation from 'double' to 'float'
C:\Users\Lance\Documents\CollegeLife\OSU\Courses\CS 450 (Intro to Computer Graphics)\Final Project\Final Project\RedLightGreenLight.cpp(1666,29): warning C4305: 'argument': truncation from 'double' to 'float'
C:\Users\Lance\Documents\CollegeLife\OSU\Courses\CS 450 (Intro to Computer Graphics)\Final Project\Final Project\RedLightGreenLight.cpp(1667,27): warning C4305: 'argument': truncation from 'double' to 'float'
C:\Users\Lance\Documents\CollegeLife\OSU\Courses\CS 450 (Intro to Computer Graphics)\Final Project\Final Project\RedLightGreenLight.cpp(1668,27): warning C4305: 'argument': truncation from 'double' to 'float'
C:\Users\Lance\Documents\CollegeLife\OSU\Courses\CS 450 (Intro to Computer Graphics)\Final Project\Final Project\RedLightGreenLight.cpp(1669,27): warning C4305: 'argument': truncation from 'double' to 'float'
C:\Users\Lance\Documents\CollegeLife\OSU\Courses\CS 450 (Intro to Computer Graphics)\Final Project\Final Project\RedLightGreenLight.cpp(1670,28): warning C4305: 'argument': truncation from 'double' to 'float'
C:\Users\Lance\Documents\CollegeLife\OSU\Courses\CS 450 (Intro to Computer Graphics)\Final Project\Final Project\RedLightGreenLight.cpp(1701,31): warning C4305: 'argument': truncation from 'double' to 'float'
C:\Users\Lance\Documents\CollegeLife\OSU\Courses\CS 450 (Intro to Computer Graphics)\Final Project\Final Project\RedLightGreenLight.cpp(1703,29): warning C4305: 'argument': truncation from 'double' to 'float'
C:\Users\Lance\Documents\CollegeLife\OSU\Courses\CS 450 (Intro to Computer Graphics)\Final Project\Final Project\RedLightGreenLight.cpp(1704,29): warning C4305: 'argument': truncation from 'double' to 'float'
C:\Users\Lance\Documents\CollegeLife\OSU\Courses\CS 450 (Intro to Computer Graphics)\Final Project\Final Project\RedLightGreenLight.cpp(1705,29): warning C4305: 'argument': truncation from 'double' to 'float'
C:\Users\Lance\Documents\CollegeLife\OSU\Courses\CS 450 (Intro to Computer Graphics)\Final Project\Final Project\RedLightGreenLight.cpp(1707,30): warning C4305: 'argument': truncation from 'double' to 'float'
C:\Users\Lance\Documents\CollegeLife\OSU\Courses\CS 450 (Intro to Computer Graphics)\Final Project\Final Project\RedLightGreenLight.cpp(1708,29): warning C4305: 'argument': truncation from 'double' to 'float'
C:\Users\Lance\Documents\CollegeLife\OSU\Courses\CS 450 (Intro to Computer Graphics)\Final Project\Final Project\RedLightGreenLight.cpp(1709,29): warning C4305: 'argument': truncation from 'double' to 'float'
C:\Users\Lance\Documents\CollegeLife\OSU\Courses\CS 450 (Intro to Computer Graphics)\Final Project\Final Project\RedLightGreenLight.cpp(1710,29): warning C4305: 'argument': truncation from 'double' to 'float'
C:\Users\Lance\Documents\CollegeLife\OSU\Courses\CS 450 (Intro to Computer Graphics)\Final Project\Final Project\RedLightGreenLight.cpp(1711,29): warning C4305: 'argument': truncation from 'double' to 'float'
C:\Users\Lance\Documents\CollegeLife\OSU\Courses\CS 450 (Intro to Computer Graphics)\Final Project\Final Project\RedLightGreenLight.cpp(2671,14): warning C4244: '=': conversion from 'double' to 'float', possible loss of data
RedLightGreenLight.obj : warning LNK4075: ignoring '/EDITANDCONTINUE' due to '/INCREMENTAL:NO' specification
  Sample.vcxproj -> C:\Users\Lance\Documents\CollegeLife\OSU\Courses\CS 450 (Intro to Computer Graphics)\Final Project\Final Project\Debug\Sample.exe
